09:40:28.997 ARDOPC Version 1.0.4.1j-BPQ
09:40:29.044 ARDOPC listening on port 8515
09:40:29.044 Capture Devices

09:40:29.050 Card 0, ID `b1', name `bcm2835 HDMI 1'
09:40:29.051 
09:40:29.051 Card 1, ID `Headphones', name `bcm2835 Headphones'
09:40:29.051 
09:40:29.052 Card 2, ID `CODEC', name `USB Audio CODEC'
09:40:29.052   Device hw:2,0 ID `USB Audio', name `USB Audio', 1 subdevices (1 available)
09:40:29.053     1..2 channels, sampling rate 8000..48000 Hz
09:40:29.053 
09:40:29.054 Playback Devices

09:40:29.054 Card 0, ID `b1', name `bcm2835 HDMI 1'
09:40:29.055   Device hw:0,0 ID `bcm2835 HDMI 1', name `bcm2835 HDMI 1', 4 subdevices (4 available)
09:40:29.055     1..2 channels, sampling rate 8000..192000 Hz
09:40:29.056 
09:40:29.056 Card 1, ID `Headphones', name `bcm2835 Headphones'
09:40:29.056   Device hw:1,0 ID `bcm2835 Headphones', name `bcm2835 Headphones', 4 subdevices (4 available)
09:40:29.057     1..2 channels, sampling rate 8000..192000 Hz
09:40:29.058 
09:40:29.058 Card 2, ID `CODEC', name `USB Audio CODEC'
09:40:29.058   Device hw:2,0 ID `USB Audio', name `USB Audio', 1 subdevices (1 available)
09:40:29.059     1..2 channels, sampling rate 32000..48000 Hz
09:40:29.059 
09:40:29.060 Opening Playback Device plughw:1,0 Rate 12000
09:40:29.065 Opening Capture Device plughw:1,0 Rate 12000
09:40:29.066 cannot open capture audio device plughw:1,0 (No such file or directory)
09:40:29.066 ARDOPC listening on port 8515
